Started GET "/" for ::1 at 2024-05-09 12:17:59 +0530
  [1m[35m (10.0ms)[0m  [1m[35mCREATE TABLE "schema_migrations" ("version" varchar NOT NULL PRIMARY KEY)[0m
  [1m[35m (0.4ms)[0m  [1m[35mCREATE TABLE "ar_internal_metadata" ("key" varchar NOT NULL PRIMARY KEY, "value" varchar, "created_at" datetime(6) NOT NULL, "updated_at" datetime(6) NOT NULL)[0m
  [1m[36mActiveRecord::SchemaMigration Load (0.2ms)[0m  [1m[34mSELECT "schema_migrations"."version" FROM "schema_migrations" ORDER BY "schema_migrations"."version" ASC[0m
Processing by Rails::WelcomeController#index as HTML
  Rendering C:/Ruby32-x64/lib/ruby/gems/3.2.0/gems/railties-7.1.3.2/lib/rails/templates/rails/welcome/index.html.erb
  Rendered C:/Ruby32-x64/lib/ruby/gems/3.2.0/gems/railties-7.1.3.2/lib/rails/templates/rails/welcome/index.html.erb (Duration: 2.5ms | Allocations: 376)
Completed 200 OK in 449ms (Views: 100.2ms | ActiveRecord: 0.0ms | Allocations: 8819)


Started GET "/" for ::1 at 2024-05-09 12:42:03 +0530
  [1m[35m (7.8ms)[0m  [1m[35mCREATE TABLE "schema_migrations" ("version" varchar NOT NULL PRIMARY KEY)[0m
  [1m[35m (0.5ms)[0m  [1m[35mCREATE TABLE "ar_internal_metadata" ("key" varchar NOT NULL PRIMARY KEY, "value" varchar, "created_at" datetime(6) NOT NULL, "updated_at" datetime(6) NOT NULL)[0m
  [1m[36mActiveRecord::SchemaMigration Load (0.2ms)[0m  [1m[34mSELECT "schema_migrations"."version" FROM "schema_migrations" ORDER BY "schema_migrations"."version" ASC[0m
  
ActiveRecord::PendingMigrationError (

Migrations are pending. To resolve this issue, run:

        bin/rails db:migrate

You have 1 pending migration:

db/migrate/20240509071110_name_of_migration.rb


):
  
activerecord (7.1.3.2) lib/active_record/migration.rb:755:in `check_pending_migrations'
activerecord (7.1.3.2) lib/active_record/migration.rb:644:in `block (2 levels) in call'
activesupport (7.1.3.2) lib/active_support/file_update_checker.rb:85:in `execute'
activerecord (7.1.3.2) lib/active_record/migration.rb:649:in `block in call'
activerecord (7.1.3.2) lib/active_record/migration.rb:641:in `synchronize'
activerecord (7.1.3.2) lib/active_record/migration.rb:641:in `call'
actionpack (7.1.3.2) lib/action_dispatch/middleware/callbacks.rb:29:in `block in call'
activesupport (7.1.3.2) lib/active_support/callbacks.rb:101:in `run_callbacks'
actionpack (7.1.3.2) lib/action_dispatch/middleware/callbacks.rb:28:in `call'
actionpack (7.1.3.2) lib/action_dispatch/middleware/executor.rb:14:in `call'
actionpack (7.1.3.2) lib/action_dispatch/middleware/actionable_exceptions.rb:16:in `call'
actionpack (7.1.3.2) lib/action_dispatch/middleware/debug_exceptions.rb:29:in `call'
web-console (4.2.1) lib/web_console/middleware.rb:132:in `call_app'
web-console (4.2.1) lib/web_console/middleware.rb:28:in `block in call'
web-console (4.2.1) lib/web_console/middleware.rb:17:in `catch'
web-console (4.2.1) lib/web_console/middleware.rb:17:in `call'
actionpack (7.1.3.2) lib/action_dispatch/middleware/show_exceptions.rb:31:in `call'
railties (7.1.3.2) lib/rails/rack/logger.rb:37:in `call_app'
railties (7.1.3.2) lib/rails/rack/logger.rb:24:in `block in call'
activesupport (7.1.3.2) lib/active_support/tagged_logging.rb:135:in `block in tagged'
activesupport (7.1.3.2) lib/active_support/tagged_logging.rb:39:in `tagged'
activesupport (7.1.3.2) lib/active_support/tagged_logging.rb:135:in `tagged'
activesupport (7.1.3.2) lib/active_support/broadcast_logger.rb:240:in `method_missing'
railties (7.1.3.2) lib/rails/rack/logger.rb:24:in `call'
sprockets-rails (3.4.2) lib/sprockets/rails/quiet_assets.rb:13:in `call'
actionpack (7.1.3.2) lib/action_dispatch/middleware/remote_ip.rb:92:in `call'
actionpack (7.1.3.2) lib/action_dispatch/middleware/request_id.rb:28:in `call'
rack (3.0.10) lib/rack/method_override.rb:28:in `call'
rack (3.0.10) lib/rack/runtime.rb:24:in `call'
activesupport (7.1.3.2) lib/active_support/cache/strategy/local_cache_middleware.rb:29:in `call'
actionpack (7.1.3.2) lib/action_dispatch/middleware/server_timing.rb:59:in `block in call'
actionpack (7.1.3.2) lib/action_dispatch/middleware/server_timing.rb:24:in `collect_events'
actionpack (7.1.3.2) lib/action_dispatch/middleware/server_timing.rb:58:in `call'
actionpack (7.1.3.2) lib/action_dispatch/middleware/executor.rb:14:in `call'
actionpack (7.1.3.2) lib/action_dispatch/middleware/static.rb:25:in `call'
rack (3.0.10) lib/rack/sendfile.rb:114:in `call'
actionpack (7.1.3.2) lib/action_dispatch/middleware/host_authorization.rb:141:in `call'
railties (7.1.3.2) lib/rails/engine.rb:536:in `call'
puma (6.4.2) lib/puma/configuration.rb:272:in `call'
puma (6.4.2) lib/puma/request.rb:100:in `block in handle_request'
puma (6.4.2) lib/puma/thread_pool.rb:378:in `with_force_shutdown'
puma (6.4.2) lib/puma/request.rb:99:in `handle_request'
puma (6.4.2) lib/puma/server.rb:464:in `process_client'
puma (6.4.2) lib/puma/server.rb:245:in `block in run'
puma (6.4.2) lib/puma/thread_pool.rb:155:in `block in spawn_thread'
Started POST "/rails/actions" for ::1 at 2024-05-09 12:42:22 +0530
  [1m[36mActiveRecord::InternalMetadata Load (0.3ms)[0m  [1m[34mSELECT * FROM "ar_internal_metadata" WHERE "ar_internal_metadata"."key" = ? ORDER BY "ar_internal_metadata"."key" ASC LIMIT 1[0m  [[nil, "environment"]]
  [1m[36mActiveRecord::InternalMetadata Create (8.3ms)[0m  [1m[32mINSERT INTO "ar_internal_metadata" ("key", "value", "created_at", "updated_at") VALUES ('environment', 'development', '2024-05-09 07:12:22.569504', '2024-05-09 07:12:22.569513') RETURNING "key"[0m
  [1m[36mActiveRecord::SchemaMigration Load (0.3ms)[0m  [1m[34mSELECT "schema_migrations"."version" FROM "schema_migrations" ORDER BY "schema_migrations"."version" ASC[0m
Migrating to NameOfMigration (20240509071110)
  [1m[36mTRANSACTION (0.1ms)[0m  [1m[36mbegin transaction[0m
  [1m[36mActiveRecord::SchemaMigration Create (3.0ms)[0m  [1m[32mINSERT INTO "schema_migrations" ("version") VALUES ('20240509071110') RETURNING "version"[0m
  [1m[36mTRANSACTION (0.5ms)[0m  [1m[36mcommit transaction[0m
  [1m[36mActiveRecord::SchemaMigration Load (0.1ms)[0m  [1m[34mSELECT "schema_migrations"."version" FROM "schema_migrations" ORDER BY "schema_migrations"."version" ASC[0m
Started GET "/" for ::1 at 2024-05-09 12:42:22 +0530
  [1m[36mActiveRecord::SchemaMigration Load (0.2ms)[0m  [1m[34mSELECT "schema_migrations"."version" FROM "schema_migrations" ORDER BY "schema_migrations"."version" ASC[0m
Processing by SampleController#index as HTML
  Rendering html template
  Rendered html template (Duration: 0.1ms | Allocations: 8)
Completed 200 OK in 63ms (Views: 35.5ms | ActiveRecord: 0.0ms | Allocations: 1734)


Started GET "/" for ::1 at 2024-05-09 12:47:31 +0530
  [1m[36mActiveRecord::SchemaMigration Load (0.3ms)[0m  [1m[34mSELECT "schema_migrations"."version" FROM "schema_migrations" ORDER BY "schema_migrations"."version" ASC[0m
Processing by SampleController#index as HTML
  Rendering html template
  Rendered html template (Duration: 0.0ms | Allocations: 9)
Completed 200 OK in 44ms (Views: 23.3ms | ActiveRecord: 0.0ms | Allocations: 2543)


Started GET "/" for ::1 at 2024-05-09 13:16:28 +0530
  [1m[36mActiveRecord::SchemaMigration Load (0.3ms)[0m  [1m[34mSELECT "schema_migrations"."version" FROM "schema_migrations" ORDER BY "schema_migrations"."version" ASC[0m
Processing by SampleController#index as HTML
  Rendering html template
  Rendered html template (Duration: 0.1ms | Allocations: 9)
Completed 200 OK in 50ms (Views: 28.8ms | ActiveRecord: 0.0ms | Allocations: 2543)


Started GET "/" for ::1 at 2024-05-09 14:05:10 +0530
  [1m[36mActiveRecord::SchemaMigration Load (0.4ms)[0m  [1m[34mSELECT "schema_migrations"."version" FROM "schema_migrations" ORDER BY "schema_migrations"."version" ASC[0m
Processing by SampleController#index as HTML
  Rendering html template
  Rendered html template (Duration: 0.0ms | Allocations: 9)
Completed 200 OK in 49ms (Views: 26.1ms | ActiveRecord: 0.0ms | Allocations: 2543)


Started GET "/" for 127.0.0.1 at 2024-05-09 14:19:43 +0530
  [1m[36mActiveRecord::SchemaMigration Load (0.3ms)[0m  [1m[34mSELECT "schema_migrations"."version" FROM "schema_migrations" ORDER BY "schema_migrations"."version" ASC[0m
Processing by SampleController#index as HTML
  Rendering html template
  Rendered html template (Duration: 0.1ms | Allocations: 9)
Completed 200 OK in 63ms (Views: 35.0ms | ActiveRecord: 0.0ms | Allocations: 2543)


Started GET "/" for ::1 at 2024-05-09 14:54:21 +0530
Started GET "/" for ::1 at 2024-05-09 14:54:21 +0530
  [1m[36mActiveRecord::SchemaMigration Load (0.3ms)[0m  [1m[34mSELECT "schema_migrations"."version" FROM "schema_migrations" ORDER BY "schema_migrations"."version" ASC[0m
Processing by SampleController#index as HTML
Processing by SampleController#index as HTML
  Rendering html template
  Rendered html template (Duration: 0.0ms | Allocations: 9)
Completed 200 OK in 149ms (Views: 87.2ms | ActiveRecord: 0.0ms | Allocations: 2857)


  Rendering html template
  Rendered html template (Duration: 0.0ms | Allocations: 2)
Completed 200 OK in 151ms (Views: 99.8ms | ActiveRecord: 0.0ms | Allocations: 3005)


Started GET "/" for ::1 at 2024-05-09 17:50:23 +0530
  [1m[36mActiveRecord::SchemaMigration Load (0.2ms)[0m  [1m[34mSELECT "schema_migrations"."version" FROM "schema_migrations" ORDER BY "schema_migrations"."version" ASC[0m
Processing by SampleController#index as HTML
  Rendering html template
  Rendered html template (Duration: 0.0ms | Allocations: 9)
Completed 200 OK in 31ms (Views: 15.7ms | ActiveRecord: 0.0ms | Allocations: 2543)


Started GET "/" for ::1 at 2024-05-09 19:06:17 +0530
  [1m[36mActiveRecord::SchemaMigration Load (0.8ms)[0m  [1m[34mSELECT "schema_migrations"."version" FROM "schema_migrations" ORDER BY "schema_migrations"."version" ASC[0m
Processing by SampleController#index as HTML
  Rendering html template
  Rendered html template (Duration: 0.0ms | Allocations: 9)
Completed 200 OK in 134ms (Views: 107.6ms | ActiveRecord: 0.0ms | Allocations: 2547)


Started GET "/" for ::1 at 2024-05-09 19:06:19 +0530
Processing by SampleController#index as HTML
  Rendering html template
  Rendered html template (Duration: 0.0ms | Allocations: 2)
Completed 200 OK in 9ms (Views: 1.8ms | ActiveRecord: 0.0ms | Allocations: 178)


Started GET "/" for ::1 at 2024-05-09 19:26:19 +0530
  [1m[36mActiveRecord::SchemaMigration Load (0.3ms)[0m  [1m[34mSELECT "schema_migrations"."version" FROM "schema_migrations" ORDER BY "schema_migrations"."version" ASC[0m
Processing by SampleController#index as HTML
  Rendering html template
  Rendered html template (Duration: 0.2ms | Allocations: 9)
Completed 200 OK in 47ms (Views: 27.4ms | ActiveRecord: 0.0ms | Allocations: 2543)


Started GET "/" for ::1 at 2024-05-10 18:48:40 +0530
  [1m[36mActiveRecord::SchemaMigration Load (0.3ms)[0m  [1m[34mSELECT "schema_migrations"."version" FROM "schema_migrations" ORDER BY "schema_migrations"."version" ASC[0m
Processing by SampleController#index as HTML
  Rendering html template
  Rendered html template (Duration: 0.1ms | Allocations: 9)
Completed 200 OK in 217ms (Views: 129.5ms | ActiveRecord: 0.0ms | Allocations: 2543)


Started GET "/" for ::1 at 2024-05-11 21:57:31 +0530
  [1m[36mActiveRecord::SchemaMigration Load (0.3ms)[0m  [1m[34mSELECT "schema_migrations"."version" FROM "schema_migrations" ORDER BY "schema_migrations"."version" ASC[0m
Processing by SampleController#index as HTML
  Rendering html template
  Rendered html template (Duration: 0.1ms | Allocations: 9)
Completed 200 OK in 181ms (Views: 104.3ms | ActiveRecord: 0.0ms | Allocations: 2544)


